<?xml version="1.0" encoding="UTF-8"?>
<testng-results ignored="0" total="2" passed="2" failed="0" skipped="0">
  <reporter-output>
  </reporter-output>
  <suite started-at="2021-04-24T00:11:38 EDT" name="Default suite" finished-at="2021-04-24T00:12:10 EDT" duration-ms="31968">
    <groups>
    </groups>
    <test started-at="2021-04-24T00:11:38 EDT" name="Default test" finished-at="2021-04-24T00:12:10 EDT" duration-ms="31968">
      <class name="automationTestScriptExecrises.Cars">
        <test-method signature="carsSearchTest(java.lang.String, java.lang.String, java.lang.String, java.lang.String, java.lang.String, java.lang.String)[pri:0, instance:automationTestScriptExecrises.Cars@149dd36b]" started-at="2021-04-24T00:11:38 EDT" name="carsSearchTest" data-provider="CarsTest" finished-at="2021-04-24T00:11:54 EDT" duration-ms="15502" status="PASS">
          <params>
            <param index="0">
              <value>
                <![CDATA[Used Cars]]>
              </value>
            </param>
            <param index="1">
              <value>
                <![CDATA[Dodge]]>
              </value>
            </param>
            <param index="2">
              <value>
                <![CDATA[Challenger]]>
              </value>
            </param>
            <param index="3">
              <value>
                <![CDATA[50000]]>
              </value>
            </param>
            <param index="4">
              <value>
                <![CDATA[75 Miles from]]>
              </value>
            </param>
            <param index="5">
              <value>
                <![CDATA[22030]]>
              </value>
            </param>
          </params>
          <reporter-output>
          </reporter-output>
        </test-method> <!-- carsSearchTest -->
        <test-method signature="carsSearchTest(java.lang.String, java.lang.String, java.lang.String, java.lang.String, java.lang.String, java.lang.String)[pri:0, instance:automationTestScriptExecrises.Cars@149dd36b]" started-at="2021-04-24T00:11:54 EDT" name="carsSearchTest" data-provider="CarsTest" finished-at="2021-04-24T00:12:10 EDT" duration-ms="15916" status="PASS">
          <params>
            <param index="0">
              <value>
                <![CDATA[New Cars]]>
              </value>
            </param>
            <param index="1">
              <value>
                <![CDATA[Honda]]>
              </value>
            </param>
            <param index="2">
              <value>
                <![CDATA[Accord]]>
              </value>
            </param>
            <param index="3">
              <value>
                <![CDATA[35000]]>
              </value>
            </param>
            <param index="4">
              <value>
                <![CDATA[200 Miles from]]>
              </value>
            </param>
            <param index="5">
              <value>
                <![CDATA[22031]]>
              </value>
            </param>
          </params>
          <reporter-output>
          </reporter-output>
        </test-method> <!-- carsSearchTest -->
      </class> <!-- automationTestScriptExecrises.Cars -->
    </test> <!-- Default test -->
  </suite> <!-- Default suite -->
</testng-results>
