<?xml version="1.0" encoding="UTF-8"?>
<testng-results ignored="0" total="2" passed="2" failed="0" skipped="0">
  <reporter-output>
  </reporter-output>
  <suite started-at="2021-04-01T11:41:57 EDT" name="Suite" finished-at="2021-04-01T11:42:09 EDT" duration-ms="12632">
    <groups>
    </groups>
    <test started-at="2021-04-01T11:41:57 EDT" name="TestCase2" finished-at="2021-04-01T11:42:07 EDT" duration-ms="10197">
      <class name="rough.TestCase2">
        <test-method signature="LoginTest2(java.lang.String, java.lang.String, java.lang.String)[pri:0, instance:rough.TestCase2@3835c46]" started-at="2021-04-01T11:41:57 EDT" name="LoginTest2" data-provider="testData" finished-at="2021-04-01T11:42:07 EDT" duration-ms="10134" status="PASS">
          <params>
            <param index="0">
              <value>
                <![CDATA[pcs.selenium+yetanother@gmail.com]]>
              </value>
            </param>
            <param index="1">
              <value>
                <![CDATA[SeleniumTraining]]>
              </value>
            </param>
            <param index="2">
              <value>
                <![CDATA[chrome]]>
              </value>
            </param>
          </params>
          <reporter-output>
          </reporter-output>
        </test-method> <!-- LoginTest2 -->
      </class> <!-- rough.TestCase2 -->
    </test> <!-- TestCase2 -->
    <test started-at="2021-04-01T11:41:57 EDT" name="TestCase1" finished-at="2021-04-01T11:42:09 EDT" duration-ms="12632">
      <class name="rough.TestCase1">
        <test-method signature="LoginTest(java.lang.String, java.lang.String, java.lang.String)[pri:0, instance:rough.TestCase1@7a69b07]" started-at="2021-04-01T11:41:57 EDT" name="LoginTest" data-provider="testData" finished-at="2021-04-01T11:42:09 EDT" duration-ms="12596" status="PASS">
          <params>
            <param index="0">
              <value>
                <![CDATA[selenium.pcs@gmail.com]]>
              </value>
            </param>
            <param index="1">
              <value>
                <![CDATA[SeleniumTraining]]>
              </value>
            </param>
            <param index="2">
              <value>
                <![CDATA[firefox]]>
              </value>
            </param>
          </params>
          <reporter-output>
          </reporter-output>
        </test-method> <!-- LoginTest -->
      </class> <!-- rough.TestCase1 -->
    </test> <!-- TestCase1 -->
  </suite> <!-- Suite -->
</testng-results>
